TN:
SF:src\FirstApp.jsx
FN:14,(anonymous_0)
FNF:1
FNH:1
FNDA:1,(anonymous_0)
DA:14,1
DA:15,1
LF:2
LH:2
BRF:0
BRH:0
end_of_record
TN:
SF:src\components\Footer.jsx
FN:3,(anonymous_0)
FNF:1
FNH:1
FNDA:4,(anonymous_0)
DA:3,2
DA:4,4
LF:2
LH:2
BRF:0
BRH:0
end_of_record
TN:
SF:src\components\Header.jsx
FN:8,(anonymous_0)
FNF:1
FNH:1
FNDA:7,(anonymous_0)
DA:8,2
DA:10,7
DA:11,7
LF:3
LH:3
BRDA:21,0,0,3
BRDA:21,0,1,4
BRF:2
BRH:2
end_of_record
TN:
SF:src\components\NavegacionSecundaria.jsx
FN:6,(anonymous_0)
FNF:1
FNH:1
FNDA:12,(anonymous_0)
DA:6,3
DA:7,12
LF:2
LH:2
BRF:0
BRH:0
end_of_record
TN:
SF:src\components\ScrollToTopButton.jsx
FN:4,(anonymous_0)
FN:7,(anonymous_1)
FN:8,(anonymous_2)
FN:18,(anonymous_3)
FN:23,(anonymous_4)
FNF:5
FNH:5
FNDA:7,(anonymous_0)
FNDA:4,(anonymous_1)
FNDA:4,(anonymous_2)
FNDA:4,(anonymous_3)
FNDA:2,(anonymous_4)
DA:4,3
DA:5,7
DA:7,7
DA:8,4
DA:9,4
DA:10,3
DA:12,1
DA:16,4
DA:18,4
DA:19,4
DA:23,7
DA:24,2
DA:27,7
DA:28,4
DA:31,3
LF:15
LH:15
BRDA:9,0,0,3
BRDA:9,0,1,1
BRDA:27,1,0,4
BRDA:27,1,1,3
BRF:4
BRH:4
end_of_record
TN:
SF:src\components\layout\Layout.jsx
FN:6,(anonymous_0)
FNF:1
FNH:1
FNDA:2,(anonymous_0)
DA:6,2
DA:7,2
LF:2
LH:2
BRF:0
BRH:0
end_of_record
TN:
SF:src\context\AuthContext.jsx
FN:6,(anonymous_0)
FN:8,(anonymous_1)
FN:11,(anonymous_2)
FN:16,(anonymous_3)
FN:19,(anonymous_4)
FNF:5
FNH:5
FNDA:13,(anonymous_0)
FNDA:21,(anonymous_1)
FNDA:5,(anonymous_2)
FNDA:2,(anonymous_3)
FNDA:2,(anonymous_4)
DA:4,5
DA:6,13
DA:8,5
DA:9,21
DA:11,21
DA:13,5
DA:16,21
DA:17,2
DA:19,21
DA:21,2
DA:26,21
LF:11
LH:11
BRF:0
BRH:0
end_of_record
TN:
SF:src\data\blogData.js
FNF:0
FNH:0
DA:2,5
LF:1
LH:1
BRF:0
BRH:0
end_of_record
TN:
SF:src\data\luthierData.js
FNF:0
FNH:0
DA:1,4
LF:1
LH:1
BRF:0
BRH:0
end_of_record
TN:
SF:src\data\musicData.js
FNF:0
FNH:0
DA:1,4
LF:1
LH:1
BRF:0
BRH:0
end_of_record
TN:
SF:src\routes\ProtectedRoute.jsx
FN:6,(anonymous_0)
FNF:1
FNH:1
FNDA:2,(anonymous_0)
DA:6,2
DA:7,2
DA:9,2
DA:10,1
DA:13,1
LF:5
LH:5
BRDA:9,0,0,1
BRDA:9,0,1,1
BRF:2
BRH:2
end_of_record
TN:
SF:src\views\Blog.jsx
FN:33,(anonymous_0)
FN:38,(anonymous_1)
FNF:2
FNH:2
FNDA:3,(anonymous_0)
FNDA:10,(anonymous_1)
DA:33,4
DA:34,3
DA:39,10
LF:3
LH:3
BRDA:43,0,0,10
BRDA:43,0,1,8
BRF:2
BRH:2
end_of_record
TN:
SF:src\views\BlogPost.jsx
FN:6,(anonymous_0)
FN:8,(anonymous_1)
FNF:2
FNH:2
FNDA:4,(anonymous_0)
FNDA:10,(anonymous_1)
DA:6,3
DA:7,4
DA:8,10
DA:10,4
DA:11,2
DA:14,2
LF:6
LH:6
BRDA:10,0,0,2
BRDA:10,0,1,2
BRF:2
BRH:2
end_of_record
TN:
SF:src\views\Login.jsx
FN:8,(anonymous_0)
FN:12,(anonymous_1)
FN:29,(anonymous_2)
FN:52,(anonymous_3)
FN:67,(anonymous_4)
FNF:5
FNH:5
FNDA:38,(anonymous_0)
FNDA:12,(anonymous_1)
FNDA:4,(anonymous_2)
FNDA:6,(anonymous_3)
FNDA:6,(anonymous_4)
DA:8,3
DA:9,38
DA:10,38
DA:12,38
DA:13,12
DA:16,38
DA:30,4
DA:31,4
DA:32,2
DA:34,2
DA:39,38
DA:53,6
DA:68,6
LF:13
LH:13
BRDA:87,0,0,5
BRDA:87,0,1,33
BRDA:87,1,0,38
BRDA:87,1,1,16
BRDA:92,2,0,5
BRDA:92,2,1,33
BRDA:92,3,0,38
BRDA:92,3,1,16
BRF:8
BRH:8
end_of_record
TN:
SF:src\views\Luthier.jsx
FN:9,Luthier
FN:14,(anonymous_1)
FN:19,(anonymous_2)
FN:37,(anonymous_3)
FN:47,(anonymous_4)
FNF:5
FNH:5
FNDA:13,Luthier
FNDA:3,(anonymous_1)
FNDA:3,(anonymous_2)
FNDA:104,(anonymous_3)
FNDA:3,(anonymous_4)
DA:6,4
DA:11,13
DA:12,13
DA:14,13
DA:15,3
DA:16,3
DA:19,13
DA:20,3
DA:21,3
DA:25,13
DA:26,13
DA:27,39
DA:30,13
DA:38,104
DA:47,3
LF:15
LH:15
BRF:0
BRH:0
end_of_record
TN:
SF:src\views\Musica.jsx
FN:7,(anonymous_0)
FN:24,(anonymous_1)
FN:29,(anonymous_2)
FNF:3
FNH:3
FNDA:6,(anonymous_0)
FNDA:24,(anonymous_1)
FNDA:72,(anonymous_2)
DA:7,4
DA:12,6
DA:13,6
DA:14,24
DA:17,6
DA:25,24
DA:30,72
LF:7
LH:7
BRF:0
BRH:0
end_of_record
TN:
SF:src\views\Portada.jsx
FN:5,(anonymous_0)
FN:10,(anonymous_1)
FN:11,(anonymous_2)
FN:14,(anonymous_3)
FNF:4
FNH:4
FNDA:8,(anonymous_0)
FNDA:6,(anonymous_1)
FNDA:120,(anonymous_2)
FNDA:6,(anonymous_3)
DA:5,3
DA:6,8
DA:10,8
DA:11,6
DA:12,120
DA:14,6
DA:17,8
DA:18,8
DA:19,8
DA:20,8
DA:21,8
DA:22,8
LF:12
LH:12
BRF:0
BRH:0
end_of_record
TN:
SF:src\views\Register.jsx
FN:9,(anonymous_0)
FN:14,(anonymous_1)
FN:33,(anonymous_2)
FN:67,(anonymous_3)
FN:84,(anonymous_4)
FN:100,(anonymous_5)
FNF:6
FNH:6
FNDA:20,(anonymous_0)
FNDA:9,(anonymous_1)
FNDA:2,(anonymous_2)
FNDA:3,(anonymous_3)
FNDA:3,(anonymous_4)
FNDA:3,(anonymous_5)
DA:9,2
DA:11,20
DA:12,20
DA:14,20
DA:15,9
DA:18,20
DA:35,2
DA:36,2
DA:37,2
DA:38,2
DA:39,2
DA:43,20
DA:68,3
DA:85,3
DA:101,3
LF:15
LH:15
BRDA:117,0,0,1
BRDA:117,0,1,19
BRDA:117,1,0,20
BRDA:117,1,1,7
BRDA:122,2,0,1
BRDA:122,2,1,19
BRDA:122,3,0,20
BRDA:122,3,1,6
BRDA:127,4,0,1
BRDA:127,4,1,19
BRDA:127,5,0,20
BRDA:127,5,1,5
BRF:12
BRH:12
end_of_record
