TN:
SF:src\FirstApp.jsx
FN:14,(anonymous_0)
FNF:1
FNH:1
FNDA:1,(anonymous_0)
DA:14,1
DA:15,1
LF:2
LH:2
BRF:0
BRH:0
end_of_record
TN:
SF:src\components\Footer.jsx
FN:3,(anonymous_0)
FNF:1
FNH:1
FNDA:4,(anonymous_0)
DA:3,2
DA:4,4
LF:2
LH:2
BRF:0
BRH:0
end_of_record
TN:
SF:src\components\Header.jsx
FN:8,(anonymous_0)
FNF:1
FNH:1
FNDA:7,(anonymous_0)
DA:8,2
DA:10,7
DA:11,7
LF:3
LH:3
BRDA:21,0,0,3
BRDA:21,0,1,4
BRF:2
BRH:2
end_of_record
TN:
SF:src\components\NavegacionSecundaria.jsx
FN:5,(anonymous_0)
FNF:1
FNH:1
FNDA:12,(anonymous_0)
DA:5,3
DA:6,12
LF:2
LH:2
BRF:0
BRH:0
end_of_record
TN:
SF:src\components\ScrollToTopButton.jsx
FN:4,(anonymous_0)
FN:7,(anonymous_1)
FN:8,(anonymous_2)
FN:18,(anonymous_3)
FN:23,(anonymous_4)
FNF:5
FNH:5
FNDA:6,(anonymous_0)
FNDA:4,(anonymous_1)
FNDA:3,(anonymous_2)
FNDA:4,(anonymous_3)
FNDA:1,(anonymous_4)
DA:4,3
DA:5,6
DA:7,6
DA:8,4
DA:9,3
DA:10,2
DA:12,1
DA:16,4
DA:18,4
DA:19,4
DA:23,6
DA:24,1
DA:27,6
DA:28,4
DA:31,2
LF:15
LH:15
BRDA:9,0,0,2
BRDA:9,0,1,1
BRDA:27,1,0,4
BRDA:27,1,1,2
BRF:4
BRH:4
end_of_record
TN:
SF:src\components\layout\Layout.jsx
FN:6,(anonymous_0)
FNF:1
FNH:1
FNDA:2,(anonymous_0)
DA:6,2
DA:7,2
LF:2
LH:2
BRF:0
BRH:0
end_of_record
TN:
SF:src\context\AuthContext.jsx
FN:6,(anonymous_0)
FN:8,(anonymous_1)
FN:11,(anonymous_2)
FN:16,(anonymous_3)
FN:19,(anonymous_4)
FNF:5
FNH:5
FNDA:8,(anonymous_0)
FNDA:15,(anonymous_1)
FNDA:2,(anonymous_2)
FNDA:1,(anonymous_3)
FNDA:1,(anonymous_4)
DA:4,5
DA:6,8
DA:8,5
DA:9,15
DA:11,15
DA:13,2
DA:16,15
DA:17,1
DA:19,15
DA:21,1
DA:26,15
LF:11
LH:11
BRF:0
BRH:0
end_of_record
TN:
SF:src\data\blogData.js
FNF:0
FNH:0
DA:2,6
LF:1
LH:1
BRF:0
BRH:0
end_of_record
TN:
SF:src\data\luthierData.js
FNF:0
FNH:0
DA:1,4
LF:1
LH:1
BRF:0
BRH:0
end_of_record
TN:
SF:src\data\musicData.js
FNF:0
FNH:0
DA:1,4
LF:1
LH:1
BRF:0
BRH:0
end_of_record
TN:
SF:src\routes\ProtectedRoute.jsx
FN:6,(anonymous_0)
FNF:1
FNH:1
FNDA:2,(anonymous_0)
DA:6,2
DA:7,2
DA:9,2
DA:10,1
DA:13,1
LF:5
LH:5
BRDA:9,0,0,1
BRDA:9,0,1,1
BRF:2
BRH:2
end_of_record
TN:
SF:src\views\Blog.jsx
FN:6,(anonymous_0)
FN:11,(anonymous_1)
FNF:2
FNH:2
FNDA:3,(anonymous_0)
FNDA:12,(anonymous_1)
DA:6,4
DA:7,3
DA:12,12
LF:3
LH:3
BRDA:16,0,0,12
BRDA:16,0,1,12
BRF:2
BRH:2
end_of_record
TN:
SF:src\views\BlogPost.jsx
FN:6,(anonymous_0)
FN:8,(anonymous_1)
FNF:2
FNH:2
FNDA:4,(anonymous_0)
FNDA:10,(anonymous_1)
DA:6,3
DA:7,4
DA:8,10
DA:10,4
DA:11,2
DA:14,2
LF:6
LH:6
BRDA:10,0,0,2
BRDA:10,0,1,2
BRF:2
BRH:2
end_of_record
TN:
SF:src\views\Login.jsx
FN:236,(anonymous_0)
FN:240,(anonymous_1)
FN:256,(anonymous_2)
FN:304,(anonymous_3)
FN:320,(anonymous_4)
FNF:5
FNH:5
FNDA:38,(anonymous_0)
FNDA:12,(anonymous_1)
FNDA:4,(anonymous_2)
FNDA:6,(anonymous_3)
FNDA:6,(anonymous_4)
DA:236,3
DA:237,38
DA:238,38
DA:240,38
DA:241,12
DA:244,38
DA:257,4
DA:258,4
DA:259,2
DA:261,2
DA:266,38
DA:305,6
DA:321,6
LF:13
LH:13
BRDA:284,0,0,5
BRDA:284,0,1,33
BRDA:284,1,0,38
BRDA:284,1,1,16
BRDA:289,2,0,5
BRDA:289,2,1,33
BRDA:289,3,0,38
BRDA:289,3,1,16
BRF:8
BRH:8
end_of_record
TN:
SF:src\views\Luthier.jsx
FN:9,Luthier
FN:14,(anonymous_1)
FN:19,(anonymous_2)
FN:37,(anonymous_3)
FN:47,(anonymous_4)
FNF:5
FNH:5
FNDA:13,Luthier
FNDA:3,(anonymous_1)
FNDA:3,(anonymous_2)
FNDA:104,(anonymous_3)
FNDA:3,(anonymous_4)
DA:6,4
DA:11,13
DA:12,13
DA:14,13
DA:15,3
DA:16,3
DA:19,13
DA:20,3
DA:21,3
DA:25,13
DA:26,13
DA:27,39
DA:30,13
DA:38,104
DA:47,3
LF:15
LH:15
BRF:0
BRH:0
end_of_record
TN:
SF:src\views\Musica.jsx
FN:7,(anonymous_0)
FN:24,(anonymous_1)
FN:29,(anonymous_2)
FNF:3
FNH:3
FNDA:6,(anonymous_0)
FNDA:24,(anonymous_1)
FNDA:72,(anonymous_2)
DA:7,4
DA:12,6
DA:13,6
DA:14,24
DA:17,6
DA:25,24
DA:30,72
LF:7
LH:7
BRF:0
BRH:0
end_of_record
TN:
SF:src\views\Portada.jsx
FN:5,(anonymous_0)
FN:10,(anonymous_1)
FN:11,(anonymous_2)
FN:14,(anonymous_3)
FNF:4
FNH:4
FNDA:8,(anonymous_0)
FNDA:6,(anonymous_1)
FNDA:120,(anonymous_2)
FNDA:6,(anonymous_3)
DA:5,3
DA:6,8
DA:10,8
DA:11,6
DA:12,120
DA:14,6
DA:17,8
DA:18,8
DA:19,8
DA:20,8
DA:21,8
DA:22,8
LF:12
LH:12
BRF:0
BRH:0
end_of_record
TN:
SF:src\views\Register.jsx
FN:9,(anonymous_0)
FN:14,(anonymous_1)
FN:33,(anonymous_2)
FN:84,(anonymous_3)
FN:102,(anonymous_4)
FN:119,(anonymous_5)
FNF:6
FNH:6
FNDA:20,(anonymous_0)
FNDA:9,(anonymous_1)
FNDA:2,(anonymous_2)
FNDA:3,(anonymous_3)
FNDA:3,(anonymous_4)
FNDA:3,(anonymous_5)
DA:9,2
DA:11,20
DA:12,20
DA:14,20
DA:15,9
DA:18,20
DA:35,2
DA:36,2
DA:37,2
DA:38,2
DA:39,2
DA:43,20
DA:85,3
DA:103,3
DA:120,3
LF:15
LH:15
BRDA:58,0,0,1
BRDA:58,0,1,19
BRDA:58,1,0,20
BRDA:58,1,1,7
BRDA:63,2,0,1
BRDA:63,2,1,19
BRDA:63,3,0,20
BRDA:63,3,1,6
BRDA:68,4,0,1
BRDA:68,4,1,19
BRDA:68,5,0,20
BRDA:68,5,1,5
BRF:12
BRH:12
end_of_record
